<?xml version="1.0" encoding="UTF-8"?>
<!-- Generated by org.testng.reporters.JUnitReportReporter -->
<testsuite hostname="Raushan" failures="0" tests="5" name="tests.SeleniumTests" time="320.430" errors="0" timestamp="2023-11-16T19:36:11 EST" skipped="0">
  <testcase classname="tests.SeleniumTests" name="Scenario1Test" time="123.611"/>
  <testcase classname="tests.SeleniumTests" name="Scenario3Test" time="71.997"/>
  <testcase classname="tests.SeleniumTests" name="Scenario2Test" time="33.399"/>
  <testcase classname="tests.SeleniumTests" name="Scenario4Test" time="50.679"/>
  <testcase classname="tests.SeleniumTests" name="Scenario5Test" time="40.744"/>
</testsuite> <!-- tests.SeleniumTests -->
