<?xml version="1.0" encoding="UTF-8"?>
<!-- Generated by org.testng.reporters.JUnitReportReporter -->
<testsuite hostname="Raushan" failures="0" tests="1" name="mpack.Demo" time="5.325" errors="0" timestamp="2023-11-06T19:00:35 EST" skipped="0">
  <testcase classname="mpack.Demo" name="sampleAutomation" time="5.325"/>
</testsuite> <!-- mpack.Demo -->
