<?xml version="1.0" encoding="UTF-8"?>
<!-- Generated by org.testng.reporters.JUnitReportReporter -->
<testsuite hostname="Raushan" failures="0" tests="1" name="tests.LoginTest" time="48.229" errors="0" timestamp="2023-11-06T20:39:51 EST" skipped="0">
  <testcase classname="tests.LoginTest" name="login" time="48.229"/>
</testsuite> <!-- tests.LoginTest -->
